[debug] [2024-08-04T20:10:47.897Z] ----------------------------------------------------------------------
[debug] [2024-08-04T20:10:47.901Z] Command:       C:\Program Files\nodejs\node.exe C:\Users\bmgos\AppData\Roaming\npm\node_modules\firebase-tools\lib\bin\firebase.js deploy
[debug] [2024-08-04T20:10:47.901Z] CLI Version:   13.13.1
[debug] [2024-08-04T20:10:47.901Z] Platform:      win32
[debug] [2024-08-04T20:10:47.901Z] Node Version:  v20.10.0
[debug] [2024-08-04T20:10:47.901Z] Time:          Sun Aug 04 2024 16:10:47 GMT-0400 (Eastern Daylight Saving Time)
[debug] [2024-08-04T20:10:47.902Z] ----------------------------------------------------------------------
[debug] 
[debug] [2024-08-04T20:10:47.905Z] >>> [apiv2][query] GET https://firebase-public.firebaseio.com/cli.json [none]
[debug] [2024-08-04T20:10:48.006Z] > command requires scopes: ["email","openid","https://www.googleapis.com/auth/cloudplatformprojects.readonly","https://www.googleapis.com/auth/firebase","https://www.googleapis.com/auth/cloud-platform"]
[debug] [2024-08-04T20:10:48.006Z] > authorizing via signed-in user (bmgosselin@gmail.com)
[debug] [2024-08-04T20:10:48.006Z] [iam] checking project the-pinniped-page for permissions ["firebase.projects.get","firebasehosting.sites.update"]
[debug] [2024-08-04T20:10:48.006Z] >>> [apiv2][query] POST https://cloudresourcemanager.googleapis.com/v1/projects/the-pinniped-page:testIamPermissions [none]
[debug] [2024-08-04T20:10:48.007Z] >>> [apiv2][(partial)header] POST https://cloudresourcemanager.googleapis.com/v1/projects/the-pinniped-page:testIamPermissions x-goog-quota-user=projects/the-pinniped-page
[debug] [2024-08-04T20:10:48.007Z] >>> [apiv2][body] POST https://cloudresourcemanager.googleapis.com/v1/projects/the-pinniped-page:testIamPermissions {"permissions":["firebase.projects.get","firebasehosting.sites.update"]}
[debug] [2024-08-04T20:10:48.155Z] <<< [apiv2][status] GET https://firebase-public.firebaseio.com/cli.json 200
[debug] [2024-08-04T20:10:48.156Z] <<< [apiv2][body] GET https://firebase-public.firebaseio.com/cli.json {"cloudBuildErrorAfter":1594252800000,"cloudBuildWarnAfter":1590019200000,"defaultNode10After":1594252800000,"minVersion":"3.0.5","node8DeploysDisabledAfter":1613390400000,"node8RuntimeDisabledAfter":1615809600000,"node8WarnAfter":1600128000000}
[debug] [2024-08-04T20:10:48.370Z] <<< [apiv2][status] POST https://cloudresourcemanager.googleapis.com/v1/projects/the-pinniped-page:testIamPermissions 401
[debug] [2024-08-04T20:10:48.371Z] <<< [apiv2][body] POST https://cloudresourcemanager.googleapis.com/v1/projects/the-pinniped-page:testIamPermissions {"error":{"code":401,"message":"Request had invalid authentication credentials. Expected OAuth 2 access token, login cookie or other valid authentication credential. See https://developers.google.com/identity/sign-in/web/devconsole-project.","status":"UNAUTHENTICATED","details":[{"@type":"type.googleapis.com/google.rpc.ErrorInfo","reason":"ACCESS_TOKEN_TYPE_UNSUPPORTED","metadata":{"method":"google.cloudresourcemanager.v1.Projects.TestIamPermissions","service":"cloudresourcemanager.googleapis.com"}}]}}
[debug] [2024-08-04T20:10:48.371Z] [iam] error while checking permissions, command may fail: FirebaseError: HTTP Error: 401, Request had invalid authentication credentials. Expected OAuth 2 access token, login cookie or other valid authentication credential. See https://developers.google.com/identity/sign-in/web/devconsole-project.
[debug] [2024-08-04T20:10:48.372Z] >>> [apiv2][query] GET https://firebase.googleapis.com/v1beta1/projects/the-pinniped-page [none]
[debug] [2024-08-04T20:10:48.619Z] <<< [apiv2][status] GET https://firebase.googleapis.com/v1beta1/projects/the-pinniped-page 401
[debug] [2024-08-04T20:10:48.619Z] <<< [apiv2][body] GET https://firebase.googleapis.com/v1beta1/projects/the-pinniped-page {"error":{"code":401,"message":"Request had invalid authentication credentials. Expected OAuth 2 access token, login cookie or other valid authentication credential. See https://developers.google.com/identity/sign-in/web/devconsole-project.","status":"UNAUTHENTICATED"}}
[debug] [2024-08-04T20:10:48.619Z] HTTP Error: 401, Request had invalid authentication credentials. Expected OAuth 2 access token, login cookie or other valid authentication credential. See https://developers.google.com/identity/sign-in/web/devconsole-project.
[error] 
[error] Error: Assertion failed: resolving hosting target of a site with no site name or target name. This should have caused an error earlier
